<?xml version="1.0" encoding="utf-8"?><testsuite errors="0" failures="0" name="pytest" skips="0" tests="19" time="3.408"><testcase classname="" file="tests/test_config.py" line="-1" name="tests.test_config" time="0.023888111114501953"></testcase><testcase classname="" file="tests/test_creator_api.py" line="-1" name="tests.test_creator_api" time="0.0015506744384765625"></testcase><testcase classname="" file="tests/test_database.py" line="-1" name="tests.test_database" time="0.0017409324645996094"></testcase><testcase classname="" file="tests/test_random_quote_api.py" line="-1" name="tests.test_random_quote_api" time="0.0051877498626708984"></testcase><testcase classname="tests.test_random_quote_api" file="tests/test_random_quote_api.py" line="10" name="test_random_quote_api_get" time="0.5500826835632324"></testcase><testcase classname="tests.test_random_quote_api" file="tests/test_random_quote_api.py" line="16" name="test_random_quote_api_post" time="0.5199639797210693"></testcase><testcase classname="tests.test_random_quote_api" file="tests/test_random_quote_api.py" line="22" name="test_random_quote_api_with_supplied_number_in_body" time="2.0030319690704346"></testcase><testcase classname="" file="tests/test_retriever_api.py" line="-1" name="tests.test_retriever_api" time="0.0018527507781982422"></testcase><testcase classname="" file="quoter/app.py" line="-1" name="quoter.app" time="0.003802776336669922"></testcase><testcase classname="" file="quoter/app_config.py" line="-1" name="quoter.app_config" time="0.0027222633361816406"></testcase><testcase classname="" file="quoter/database.py" line="-1" name="quoter.database" time="0.016371488571166992"></testcase><testcase classname="" file="quoter/database_config.py" line="-1" name="quoter.database_config" time="0.0038607120513916016"></testcase><testcase classname="" file="quoter/database_models.py" line="-1" name="quoter.database_models" time="0.006491661071777344"></testcase><testcase classname="" file="quoter/gunicorn_config.py" line="-1" name="quoter.gunicorn_config" time="0.0025980472564697266"></testcase><testcase classname="" file="quoter/apis/__init__.py" line="-1" name="quoter.apis.__init__" time="0.0014052391052246094"></testcase><testcase classname="" file="quoter/apis/api_utils.py" line="-1" name="quoter.apis.api_utils" time="0.004869937896728516"></testcase><testcase classname="" file="quoter/apis/quote_creator.py" line="-1" name="quoter.apis.quote_creator" time="0.009728431701660156"></testcase><testcase classname="" file="quoter/apis/quote_retriever.py" line="-1" name="quoter.apis.quote_retriever" time="0.003637552261352539"></testcase><testcase classname="" file="quoter/apis/random_quote.py" line="-1" name="quoter.apis.random_quote" time="0.00455021858215332"></testcase></testsuite>